<?xml version="1.0" encoding="UTF-8"?>
<testsuite name="GuiTest" tests="1" skipped="0" failures="0" errors="0" timestamp="2023-04-23T02:06:25" hostname="DESKTOP-S06IP8J" time="4.22">
  <properties/>
  <testcase name="testLogout()" classname="GuiTest" time="4.22"/>
  <system-out><![CDATA[]]></system-out>
  <system-err><![CDATA[Starting ChromeDriver 112.0.5615.49 (bd2a7bcb881c11e8cfe3078709382934e3916914-refs/branch-heads/5615@{#936}) on port 37858
Only local connections are allowed.
Please see https://chromedriver.chromium.org/security-considerations for suggestions on keeping ChromeDriver safe.
ChromeDriver was started successfully.
Apr 22, 2023 10:06:27 PM org.openqa.selenium.devtools.CdpVersionFinder findNearestMatch
WARNING: Unable to find an exact match for CDP version 112, so returning the closest version found: 110
]]></system-err>
</testsuite>
