<?xml version="1.0" encoding="UTF-8"?>
<testsuite name="StFinalAPIProductTest" tests="1" skipped="0" failures="0" errors="0" timestamp="2023-04-22T01:06:37" hostname="DESKTOP-S06IP8J" time="0.995">
  <properties/>
  <testcase name="testCategoriesAPIPutCat()" classname="StFinalAPIProductTest" time="0.995"/>
  <system-out><![CDATA[]]></system-out>
  <system-err><![CDATA[]]></system-err>
</testsuite>
